[INFO  - 2020-12-13T02:32:28.018Z] GhostDriver - Main - running on port 45475
[INFO  - 2020-12-13T02:32:28.977Z] Session [71d5a4e0-3ceb-11eb-afbe-9b28d765e834] - page.settings - {"XSSAuditingEnabled":false,"javascriptCanCloseWindows":true,"javascriptCanOpenWindows":true,"javascriptEnabled":true,"loadImages":true,"localToRemoteUrlAccessEnabled":false,"userAgent":"Mozilla/5.0 (Unknown; Linux x86_64) AppleWebKit/538.1 (KHTML, like Gecko) PhantomJS/2.1.1 Safari/538.1","webSecurityEnabled":true}
[INFO  - 2020-12-13T02:32:28.977Z] Session [71d5a4e0-3ceb-11eb-afbe-9b28d765e834] - page.customHeaders:  - {}
[INFO  - 2020-12-13T02:32:28.977Z] Session [71d5a4e0-3ceb-11eb-afbe-9b28d765e834] - Session.negotiatedCapabilities - {"browserName":"phantomjs","version":"2.1.1","driverName":"ghostdriver","driverVersion":"1.2.0","platform":"linux-unknown-64bit","javascriptEnabled":true,"takesScreenshot":true,"handlesAlerts":false,"databaseEnabled":false,"locationContextEnabled":false,"applicationCacheEnabled":false,"browserConnectionEnabled":false,"cssSelectorsEnabled":true,"webStorageEnabled":false,"rotatable":false,"acceptSslCerts":false,"nativeEvents":true,"proxy":{"proxyType":"direct"}}
[INFO  - 2020-12-13T02:32:28.978Z] SessionManagerReqHand - _postNewSessionCommand - New Session Created: 71d5a4e0-3ceb-11eb-afbe-9b28d765e834
[ERROR - 2020-12-13T02:32:29.329Z] Session [71d5a4e0-3ceb-11eb-afbe-9b28d765e834] - page.onError - msg: ReferenceError: Can't find variable: URLSearchParams

  phantomjs://platform/console++.js:263 in error
[ERROR - 2020-12-13T02:32:29.329Z] Session [71d5a4e0-3ceb-11eb-afbe-9b28d765e834] - page.onError - stack:
  scroll_to_stathead_results (https://d2p3bygnnzw9w3.cloudfront.net/req/202012101/js/fb/sr-min-en.js:1)
  sr_utilities_js_load (https://d2p3bygnnzw9w3.cloudfront.net/req/202012101/js/fb/sr-min-en.js:1)
  sr_fire_js (https://d2p3bygnnzw9w3.cloudfront.net/req/202012101/js/fb/sr-min-en.js:1)
  vjs_ready (https://fbref.com/en/comps/9/schedule/Premier-League-Scores-and-Fixtures:201)
  (anonymous function) (https://fbref.com/en/comps/9/schedule/Premier-League-Scores-and-Fixtures:206)

  phantomjs://platform/console++.js:263 in error
[ERROR - 2020-12-13T02:32:29.460Z] Session [71d5a4e0-3ceb-11eb-afbe-9b28d765e834] - page.onError - msg: TypeError: undefined is not a function (evaluating '(1e7-_).toString().padStart(9,"0")')

  phantomjs://platform/console++.js:263 in error
[ERROR - 2020-12-13T02:32:29.460Z] Session [71d5a4e0-3ceb-11eb-afbe-9b28d765e834] - page.onError - stack:
  cse_generateLookupTable (https://d2p3bygnnzw9w3.cloudfront.net/req/202012101/js/fb/sr-min-en.js:1)
  cse_generateAutocompleteDataStructures (https://d2p3bygnnzw9w3.cloudfront.net/req/202012101/js/fb/sr-min-en.js:1)
  (anonymous function) (https://d2p3bygnnzw9w3.cloudfront.net/req/202012101/js/fb/sr-min-en.js:1)
  onload (https://d2p3bygnnzw9w3.cloudfront.net/req/202012101/js/fb/sr-min-en.js:1)

  phantomjs://platform/console++.js:263 in error
